This is pdfTeX, Version 3.14159265-2.6-1.40.16 (TeX Live 2015/Debian) (preloaded format=pdflatex 2018.7.31)  30 AUG 2018 04:15
entering extended mode
 restricted \write18 enabled.
 %&-line parsing enabled.
**dissertation
(./dissertation.tex
LaTeX2e <2016/02/01>
Babel <3.9q> and hyphenation patterns for 3 language(s) loaded.
(/usr/share/texlive/texmf-dist/tex/latex/base/article.cls
Document Class: article 2014/09/29 v1.4h Standard LaTeX document class
(/usr/share/texlive/texmf-dist/tex/latex/base/size11.clo
File: size11.clo 2014/09/29 v1.4h Standard LaTeX file (size option)
)
\c@part=\count79
\c@section=\count80
\c@subsection=\count81
\c@subsubsection=\count82
\c@paragraph=\count83
\c@subparagraph=\count84
\c@figure=\count85
\c@table=\count86
\abovecaptionskip=\skip41
\belowcaptionskip=\skip42
\bibindent=\dimen102
) (./BigDataStyle.txt) (/usr/share/texlive/texmf-dist/tex/latex/amsmath/amsmath
.sty
Package: amsmath 2016/03/03 v2.15a AMS math features
\@mathmargin=\skip43

For additional information on amsmath, use the `?' option.
(/usr/share/texlive/texmf-dist/tex/latex/amsmath/amstext.sty
Package: amstext 2000/06/29 v2.01 AMS text

(/usr/share/texlive/texmf-dist/tex/latex/amsmath/amsgen.sty
File: amsgen.sty 1999/11/30 v2.0 generic functions
\@emptytoks=\toks14
\ex@=\dimen103
))
(/usr/share/texlive/texmf-dist/tex/latex/amsmath/amsbsy.sty
Package: amsbsy 1999/11/29 v1.2d Bold Symbols
\pmbraise@=\dimen104
)
(/usr/share/texlive/texmf-dist/tex/latex/amsmath/amsopn.sty
Package: amsopn 1999/12/14 v2.01 operator names
)
\inf@bad=\count87
LaTeX Info: Redefining \frac on input line 199.
\uproot@=\count88
\leftroot@=\count89
LaTeX Info: Redefining \overline on input line 297.
\classnum@=\count90
\DOTSCASE@=\count91
LaTeX Info: Redefining \ldots on input line 394.
LaTeX Info: Redefining \dots on input line 397.
LaTeX Info: Redefining \cdots on input line 518.
\Mathstrutbox@=\box26
\strutbox@=\box27
\big@size=\dimen105
LaTeX Font Info:    Redeclaring font encoding OML on input line 630.
LaTeX Font Info:    Redeclaring font encoding OMS on input line 631.
\macc@depth=\count92
\c@MaxMatrixCols=\count93
\dotsspace@=\muskip10
\c@parentequation=\count94
\dspbrk@lvl=\count95
\tag@help=\toks15
\row@=\count96
\column@=\count97
\maxfields@=\count98
\andhelp@=\toks16
\eqnshift@=\dimen106
\alignsep@=\dimen107
\tagshift@=\dimen108
\tagwidth@=\dimen109
\totwidth@=\dimen110
\lineht@=\dimen111
\@envbody=\toks17
\multlinegap=\skip44
\multlinetaggap=\skip45
\mathdisplay@stack=\toks18
LaTeX Info: Redefining \[ on input line 2735.
LaTeX Info: Redefining \] on input line 2736.
)
(/usr/share/texlive/texmf-dist/tex/latex/amsfonts/amsfonts.sty
Package: amsfonts 2013/01/14 v3.01 Basic AMSFonts support
\symAMSa=\mathgroup4
\symAMSb=\mathgroup5
LaTeX Font Info:    Overwriting math alphabet `\mathfrak' in version `bold'
(Font)                  U/euf/m/n --> U/euf/b/n on input line 106.
)
(/usr/share/texlive/texmf-dist/tex/latex/amsfonts/amssymb.sty
Package: amssymb 2013/01/14 v3.01 AMS font symbols
)
(/usr/share/texlive/texmf-dist/tex/latex/amscls/amsthm.sty
Package: amsthm 2015/03/04 v2.20.2
\thm@style=\toks19
\thm@bodyfont=\toks20
\thm@headfont=\toks21
\thm@notefont=\toks22
\thm@headpunct=\toks23
\thm@preskip=\skip46
\thm@postskip=\skip47
\thm@headsep=\skip48
\dth@everypar=\toks24
)
(/usr/share/texlive/texmf-dist/tex/latex/base/latexsym.sty
Package: latexsym 1998/08/17 v2.2e Standard LaTeX package (lasy symbols)
\symlasy=\mathgroup6
LaTeX Font Info:    Overwriting symbol font `lasy' in version `bold'
(Font)                  U/lasy/m/n --> U/lasy/b/n on input line 52.
)
(/usr/share/texlive/texmf-dist/tex/latex/graphics/graphicx.sty
Package: graphicx 2014/10/28 v1.0g Enhanced LaTeX Graphics (DPC,SPQR)

(/usr/share/texlive/texmf-dist/tex/latex/graphics/keyval.sty
Package: keyval 2014/10/28 v1.15 key=value parser (DPC)
\KV@toks@=\toks25
)
(/usr/share/texlive/texmf-dist/tex/latex/graphics/graphics.sty
Package: graphics 2016/01/03 v1.0q Standard LaTeX Graphics (DPC,SPQR)

(/usr/share/texlive/texmf-dist/tex/latex/graphics/trig.sty
Package: trig 2016/01/03 v1.10 sin cos tan (DPC)
)
(/usr/share/texlive/texmf-dist/tex/latex/latexconfig/graphics.cfg
File: graphics.cfg 2010/04/23 v1.9 graphics configuration of TeX Live
)
Package graphics Info: Driver file: pdftex.def on input line 95.

(/usr/share/texlive/texmf-dist/tex/latex/pdftex-def/pdftex.def
File: pdftex.def 2011/05/27 v0.06d Graphics/color for pdfTeX

(/usr/share/texlive/texmf-dist/tex/generic/oberdiek/infwarerr.sty
Package: infwarerr 2010/04/08 v1.3 Providing info/warning/error messages (HO)
)
(/usr/share/texlive/texmf-dist/tex/generic/oberdiek/ltxcmds.sty
Package: ltxcmds 2011/11/09 v1.22 LaTeX kernel commands for general use (HO)
)
\Gread@gobject=\count99
))
\Gin@req@height=\dimen112
\Gin@req@width=\dimen113
)
(/usr/share/texlive/texmf-dist/tex/latex/url/url.sty
\Urlmuskip=\muskip11
Package: url 2013/09/16  ver 3.4  Verb mode for urls, etc.
) (./multirow.sty
Package: multirow 2018/08/03 v2.3 Span multiple rows of a table
\multirow@colwidth=\skip49
\multirow@cntb=\count100
\multirow@dima=\skip50
\bigstrutjot=\dimen114
)
(./booktabs.sty
Package: booktabs 2016/04/27 v1.618033 publication quality tables
\heavyrulewidth=\dimen115
\lightrulewidth=\dimen116
\cmidrulewidth=\dimen117
\belowrulesep=\dimen118
\belowbottomsep=\dimen119
\aboverulesep=\dimen120
\abovetopsep=\dimen121
\cmidrulesep=\dimen122
\cmidrulekern=\dimen123
\defaultaddspace=\dimen124
\@cmidla=\count101
\@cmidlb=\count102
\@aboverulesep=\dimen125
\@belowrulesep=\dimen126
\@thisruleclass=\count103
\@lastruleclass=\count104
\@thisrulewidth=\dimen127
) (/usr/share/texlive/texmf-dist/tex/latex/subfig/subfig.sty
Package: subfig 2005/06/28 ver: 1.3 subfig package

(/usr/share/texlive/texmf-dist/tex/latex/caption/caption.sty
Package: caption 2016/02/21 v3.3-144 Customizing captions (AR)

(/usr/share/texlive/texmf-dist/tex/latex/caption/caption3.sty
Package: caption3 2016/02/04 v1.7-139 caption3 kernel (AR)
Package caption3 Info: TeX engine: e-TeX on input line 67.
\captionmargin=\dimen128
\captionmargin@=\dimen129
\captionwidth=\dimen130
\caption@tempdima=\dimen131
\caption@indent=\dimen132
\caption@parindent=\dimen133
\caption@hangindent=\dimen134
)
\c@ContinuedFloat=\count105
)
\c@KVtest=\count106
\sf@farskip=\skip51
\sf@captopadj=\dimen135
\sf@capskip=\skip52
\sf@nearskip=\skip53
\c@subfigure=\count107
\c@subfigure@save=\count108
\c@lofdepth=\count109
\c@subtable=\count110
\c@subtable@save=\count111
\c@lotdepth=\count112
\sf@top=\skip54
\sf@bottom=\skip55
)
(/usr/share/texlive/texmf-dist/tex/latex/oberdiek/pdflscape.sty
Package: pdflscape 2008/08/11 v0.10 Display of landscape pages in PDF (HO)

(/usr/share/texlive/texmf-dist/tex/latex/graphics/lscape.sty
Package: lscape 2000/10/22 v3.01 Landscape Pages (DPC)
)
(/usr/share/texlive/texmf-dist/tex/generic/oberdiek/ifpdf.sty
Package: ifpdf 2011/01/30 v2.3 Provides the ifpdf switch (HO)
Package ifpdf Info: pdfTeX in PDF mode is detected.
)
Package pdflscape Info: Auto-detected driver: pdftex on input line 80.

(/usr/share/texlive/texmf-dist/tex/generic/ifxetex/ifxetex.sty
Package: ifxetex 2010/09/12 v0.6 Provides ifxetex conditional
))
(./placeins.sty
Package: placeins 2005/04/18  v 2.2
)
\c@theorem=\count113
 (./dissertation.aux

LaTeX Warning: Label `fig:SimpleBaselineModel_Shallower' multiply defined.


LaTeX Warning: Label `sub@fig:SimpleBaselineModel_Shallower' multiply defined.


LaTeX Warning: Label `fig:SimpleBaselineModel_Deeper' multiply defined.


LaTeX Warning: Label `sub@fig:SimpleBaselineModel_Deeper' multiply defined.

)
\openout1 = `dissertation.aux'.

LaTeX Font Info:    Checking defaults for OML/cmm/m/it on input line 40.
LaTeX Font Info:    ... okay on input line 40.
LaTeX Font Info:    Checking defaults for T1/cmr/m/n on input line 40.
LaTeX Font Info:    ... okay on input line 40.
LaTeX Font Info:    Checking defaults for OT1/cmr/m/n on input line 40.
LaTeX Font Info:    ... okay on input line 40.
LaTeX Font Info:    Checking defaults for OMS/cmsy/m/n on input line 40.
LaTeX Font Info:    ... okay on input line 40.
LaTeX Font Info:    Checking defaults for OMX/cmex/m/n on input line 40.
LaTeX Font Info:    ... okay on input line 40.
LaTeX Font Info:    Checking defaults for U/cmr/m/n on input line 40.
LaTeX Font Info:    ... okay on input line 40.
 (/usr/share/texlive/texmf-dist/tex/context/base/supp-pdf.mkii
[Loading MPS to PDF converter (version 2006.09.02).]
\scratchcounter=\count114
\scratchdimen=\dimen136
\scratchbox=\box28
\nofMPsegments=\count115
\nofMParguments=\count116
\everyMPshowfont=\toks26
\MPscratchCnt=\count117
\MPscratchDim=\dimen137
\MPnumerator=\count118
\makeMPintoPDFobject=\count119
\everyMPtoPDFconversion=\toks27
) (/usr/share/texlive/texmf-dist/tex/generic/oberdiek/pdftexcmds.sty
Package: pdftexcmds 2011/11/29 v0.20 Utility functions of pdfTeX for LuaTeX (HO
)

(/usr/share/texlive/texmf-dist/tex/generic/oberdiek/ifluatex.sty
Package: ifluatex 2010/03/01 v1.3 Provides the ifluatex switch (HO)
Package ifluatex Info: LuaTeX not detected.
)
Package pdftexcmds Info: LuaTeX not detected.
Package pdftexcmds Info: \pdf@primitive is available.
Package pdftexcmds Info: \pdf@ifprimitive is available.
Package pdftexcmds Info: \pdfdraftmode found.
)
(/usr/share/texlive/texmf-dist/tex/latex/oberdiek/epstopdf-base.sty
Package: epstopdf-base 2010/02/09 v2.5 Base part for package epstopdf

(/usr/share/texlive/texmf-dist/tex/latex/oberdiek/grfext.sty
Package: grfext 2010/08/19 v1.1 Manage graphics extensions (HO)

(/usr/share/texlive/texmf-dist/tex/generic/oberdiek/kvdefinekeys.sty
Package: kvdefinekeys 2011/04/07 v1.3 Define keys (HO)
))
(/usr/share/texlive/texmf-dist/tex/latex/oberdiek/kvoptions.sty
Package: kvoptions 2011/06/30 v3.11 Key value format for package options (HO)

(/usr/share/texlive/texmf-dist/tex/generic/oberdiek/kvsetkeys.sty
Package: kvsetkeys 2012/04/25 v1.16 Key value parser (HO)

(/usr/share/texlive/texmf-dist/tex/generic/oberdiek/etexcmds.sty
Package: etexcmds 2011/02/16 v1.5 Avoid name clashes with e-TeX commands (HO)
Package etexcmds Info: Could not find \expanded.
(etexcmds)             That can mean that you are not using pdfTeX 1.50 or
(etexcmds)             that some package has redefined \expanded.
(etexcmds)             In the latter case, load this package earlier.
)))
Package grfext Info: Graphics extension search list:
(grfext)             [.png,.pdf,.jpg,.mps,.jpeg,.jbig2,.jb2,.PNG,.PDF,.JPG,.JPE
G,.JBIG2,.JB2,.eps]
(grfext)             \AppendGraphicsExtensions on input line 452.

(/usr/share/texlive/texmf-dist/tex/latex/latexconfig/epstopdf-sys.cfg
File: epstopdf-sys.cfg 2010/07/13 v1.3 Configuration of (r)epstopdf for TeX Liv
e
))
Package caption Info: Begin \AtBeginDocument code.
Package caption Info: subfig package v1.3 is loaded.
Package caption Info: End \AtBeginDocument code.
LaTeX Font Info:    Try loading font information for U+msa on input line 41.

(/usr/share/texlive/texmf-dist/tex/latex/amsfonts/umsa.fd
File: umsa.fd 2013/01/14 v3.01 AMS symbols A
)
LaTeX Font Info:    Try loading font information for U+msb on input line 41.

(/usr/share/texlive/texmf-dist/tex/latex/amsfonts/umsb.fd
File: umsb.fd 2013/01/14 v3.01 AMS symbols B
)
LaTeX Font Info:    Try loading font information for U+lasy on input line 41.

(/usr/share/texlive/texmf-dist/tex/latex/base/ulasy.fd
File: ulasy.fd 1998/08/17 v2.2e LaTeX symbol font definitions
)
<RHULlogo.jpg, id=1, 414.04688pt x 207.02344pt>
File: RHULlogo.jpg Graphic file (type jpg)
 <use RHULlogo.jpg>
Package pdftex.def Info: RHULlogo.jpg used on input line 41.
(pdftex.def)             Requested size: 143.9978pt x 72.00124pt.
 [1

{/var/lib/texmf/fonts/map/pdftex/updmap/pdftex.map} <./RHULlogo.jpg>] [1] [1] [
1]
(./dissertation.toc [2] [3])
\tf@toc=\write3
\openout3 = `dissertation.toc'.

 [4] (./dissertation.lof)
\tf@lof=\write4
\openout4 = `dissertation.lof'.

 [5]
Underfull \hbox (badness 10000) in paragraph at lines 60--69

 []


Underfull \hbox (badness 10000) in paragraph at lines 60--69

 []

[1] [2] <./images/simple_ann.png, id=40, 297.11pt x 357.335pt>
File: ./images/simple_ann.png Graphic file (type png)

<use ./images/simple_ann.png>
Package pdftex.def Info: ./images/simple_ann.png used on input line 88.
(pdftex.def)             Requested size: 148.55463pt x 178.66705pt.

Underfull \hbox (badness 10000) in paragraph at lines 83--94

 []

[3]
LaTeX Font Info:    Try loading font information for OMS+cmr on input line 97.
 (/usr/share/texlive/texmf-dist/tex/latex/base/omscmr.fd
File: omscmr.fd 2014/09/29 v2.5h Standard LaTeX font definitions
)
LaTeX Font Info:    Font shape `OMS/cmr/m/n' in size <10.95> not available
(Font)              Font shape `OMS/cmsy/m/n' tried instead on input line 97.
 [4 <./images/simple_ann.png>]
Underfull \hbox (badness 10000) in paragraph at lines 100--105

 []

[5]
Underfull \hbox (badness 10000) in paragraph at lines 123--135

 []


Underfull \hbox (badness 10000) in paragraph at lines 123--135

 []


Underfull \hbox (badness 10000) in paragraph at lines 135--148

 []


Underfull \hbox (badness 10000) in paragraph at lines 135--148

 []

[6]
Underfull \hbox (badness 10000) in paragraph at lines 154--171

 []


Underfull \hbox (badness 10000) in paragraph at lines 154--171

 []


Underfull \hbox (badness 10000) in paragraph at lines 154--171

 []

[7]
Underfull \hbox (badness 10000) in paragraph at lines 184--200

 []


Underfull \hbox (badness 10000) in paragraph at lines 184--200

 []


Underfull \hbox (badness 10000) in paragraph at lines 184--200

 []

[8]
Underfull \hbox (badness 10000) in paragraph at lines 204--209

 []

[9]
Underfull \hbox (badness 10000) in paragraph at lines 213--218

 []

[10] [11]
Underfull \hbox (badness 10000) in paragraph at lines 266--272

 []

[12]
Underfull \hbox (badness 10000) in paragraph at lines 284--292

 []

[13]
Underfull \hbox (badness 10000) in paragraph at lines 292--301

 []


Underfull \hbox (badness 10000) in paragraph at lines 301--325

 []


Underfull \hbox (badness 10000) in paragraph at lines 301--325

 []


Underfull \hbox (badness 10000) in paragraph at lines 301--325

 []


Underfull \hbox (badness 10000) in paragraph at lines 301--325

 []

[14]
Underfull \hbox (badness 10000) in paragraph at lines 328--337

 []

[15]
Underfull \hbox (badness 10000) in paragraph at lines 347--355

 []

[16]
Underfull \hbox (badness 10000) in paragraph at lines 355--361

 []

[17]
Underfull \hbox (badness 10000) in paragraph at lines 367--376

 []


Underfull \hbox (badness 10000) in paragraph at lines 367--376

 []

[18]
Underfull \hbox (badness 10000) in paragraph at lines 381--386

 []


Underfull \hbox (badness 10000) in paragraph at lines 393--407

 []


Underfull \hbox (badness 10000) in paragraph at lines 393--407

 []


Underfull \hbox (badness 10000) in paragraph at lines 393--407

 []

[19] [20]
Underfull \hbox (badness 10000) in paragraph at lines 409--418

 []


Underfull \hbox (badness 10000) in paragraph at lines 409--418

 []

[21]
Underfull \hbox (badness 10000) in paragraph at lines 423--429

 []

[22]
Underfull \hbox (badness 10000) in paragraph at lines 433--451

 []


Underfull \hbox (badness 10000) in paragraph at lines 433--451

 []


Underfull \hbox (badness 10000) in paragraph at lines 433--451

 []


Underfull \hbox (badness 10000) in paragraph at lines 433--451

 []

[23] [24]
Underfull \hbox (badness 10000) in paragraph at lines 456--469

 []


Underfull \hbox (badness 10000) in paragraph at lines 456--469

 []


Underfull \hbox (badness 10000) in paragraph at lines 456--469

 []

[25]
Underfull \hbox (badness 10000) in paragraph at lines 471--480

 []


Underfull \hbox (badness 10000) in paragraph at lines 471--480

 []

[26]
Underfull \hbox (badness 10000) in paragraph at lines 482--487

 []

[27]
Overfull \hbox (0.56697pt too wide) in paragraph at lines 508--520
 [][] 
 []


Underfull \hbox (badness 10000) in paragraph at lines 503--530

 []


Underfull \hbox (badness 10000) in paragraph at lines 503--530

 []

[28]
Underfull \hbox (badness 10000) in paragraph at lines 538--547

 []


Underfull \hbox (badness 10000) in paragraph at lines 538--547

 []

[29] <./images/ROC_Curve.png, id=142, 90.3375pt x 87.62738pt>
File: ./images/ROC_Curve.png Graphic file (type png)

<use ./images/ROC_Curve.png>
Package pdftex.def Info: ./images/ROC_Curve.png used on input line 558.
(pdftex.def)             Requested size: 180.67453pt x 175.2543pt.

Underfull \hbox (badness 10000) in paragraph at lines 553--571

 []


Underfull \hbox (badness 10000) in paragraph at lines 553--571

 []

[30 <./images/ROC_Curve.png>] [31] [32]
<./images/ILSVRC_Winners.png, id=152, 773.89125pt x 402.50375pt>
File: ./images/ILSVRC_Winners.png Graphic file (type png)

<use ./images/ILSVRC_Winners.png>
Package pdftex.def Info: ./images/ILSVRC_Winners.png used on input line 583.
(pdftex.def)             Requested size: 309.55101pt x 160.99864pt.

Underfull \hbox (badness 10000) in paragraph at lines 578--591

 []


Underfull \hbox (badness 10000) in paragraph at lines 578--591

 []

[33 <./images/ILSVRC_Winners.png>]
Underfull \hbox (badness 10000) in paragraph at lines 600--600
[][]\OT1/cmr/m/n/9 The lat-ter would cor-re-spond to, say, $[][] [][] \OML/cmm/
m/it/9 w[]p[]$ \OT1/cmr/m/n/9 (ig-nor-ing
 []


Underfull \hbox (badness 10000) in paragraph at lines 600--600
\OT1/cmr/m/n/9 bias and ac-ti-va-tion func-tion). While the for-mer would cor-r
e-spond to
 []


Underfull \hbox (badness 10000) in paragraph at lines 592--601

 []


Underfull \hbox (badness 10000) in paragraph at lines 592--601

 []

<./images/InceptionModule.PNG, id=157, 373.395pt x 207.02344pt>
File: ./images/InceptionModule.PNG Graphic file (type png)

<use ./images/InceptionModule.PNG>
Package pdftex.def Info: ./images/InceptionModule.PNG used on input line 608.
(pdftex.def)             Requested size: 261.37471pt x 144.9154pt.

Underfull \hbox (badness 10000) in paragraph at lines 603--621

 []


Underfull \hbox (badness 10000) in paragraph at lines 603--621

 []

[34] [35 <./images/InceptionModule.PNG>]
<./images/SkipConnection.PNG, id=168, 240.9pt x 134.00063pt>
File: ./images/SkipConnection.PNG Graphic file (type png)

<use ./images/SkipConnection.PNG>
Package pdftex.def Info: ./images/SkipConnection.PNG used on input line 628.
(pdftex.def)             Requested size: 168.62883pt x 93.79977pt.

<./images/ResNet_TrainError.PNG, id=169, 392.21532pt x 140.02313pt>
File: ./images/ResNet_TrainError.PNG Graphic file (type png)

<use ./images/ResNet_TrainError.PNG>
Package pdftex.def Info: ./images/ResNet_TrainError.PNG used on input line 638.

(pdftex.def)             Requested size: 274.54884pt x 98.01552pt.

<./images/ResNet_Bottleneck.PNG, id=170, 146.04562pt x 130.98938pt>
File: ./images/ResNet_Bottleneck.PNG Graphic file (type png)

<use ./images/ResNet_Bottleneck.PNG>
Package pdftex.def Info: ./images/ResNet_Bottleneck.PNG used on input line 651.

(pdftex.def)             Requested size: 102.23122pt x 91.69193pt.

Underfull \hbox (badness 10000) in paragraph at lines 623--660

 []


Underfull \hbox (badness 10000) in paragraph at lines 623--660

 []


Underfull \hbox (badness 10000) in paragraph at lines 623--660

 []

[36] [37 <./images/SkipConnection.PNG> <./images/ResNet_TrainError.PNG>]
[38 <./images/ResNet_Bottleneck.PNG>]
Underfull \hbox (badness 10000) in paragraph at lines 665--670

 []


<./images/EfficientSpatialReductionBlock.PNG, id=183, 128.73094pt x 139.27031pt
>
File: ./images/EfficientSpatialReductionBlock.PNG Graphic file (type png)
 <use ./images/EfficientSpatialReductionBlock.PNG>
Package pdftex.def Info: ./images/EfficientSpatialReductionBlock.PNG used on in
put line 679.
(pdftex.def)             Requested size: 90.11102pt x 97.48854pt.

Underfull \hbox (badness 10000) in paragraph at lines 670--681

 []

[39] <./images/InceptionResNet.PNG, id=187, 271.76532pt x 246.1697pt>
File: ./images/InceptionResNet.PNG Graphic file (type png)

<use ./images/InceptionResNet.PNG>
Package pdftex.def Info: ./images/InceptionResNet.PNG used on input line 686.
(pdftex.def)             Requested size: 190.23442pt x 172.3176pt.

Underfull \hbox (badness 10000) in paragraph at lines 692--697

 []

[40 <./images/EfficientSpatialReductionBlock.PNG>] [41 <./images/InceptionResNe
t.PNG>]
Underfull \hbox (badness 10000) in paragraph at lines 705--737

 []


Underfull \hbox (badness 10000) in paragraph at lines 705--737

 []


Underfull \hbox (badness 10000) in paragraph at lines 705--737

 []

[42

]
Underfull \hbox (badness 10000) in paragraph at lines 742--747

 []

[43] [44]
<./images/XR_ELBOW/Negative/patient05926/study1_negative/image1.png, id=207, 33
9.2675pt x 513.92pt>
File: ./images/XR_ELBOW/Negative/patient05926/study1_negative/image1.png Graphi
c file (type png)

<use ./images/XR_ELBOW/Negative/patient05926/study1_negative/image1.png>
Package pdftex.def Info: ./images/XR_ELBOW/Negative/patient05926/study1_negativ
e/image1.png used on input line 757.
(pdftex.def)             Requested size: 169.63333pt x 256.95937pt.

<./images/XR_ELBOW/Negative/patient05926/study1_negative/image2.png, id=208, 51
3.92pt x 453.695pt>
File: ./images/XR_ELBOW/Negative/patient05926/study1_negative/image2.png Graphi
c file (type png)

<use ./images/XR_ELBOW/Negative/patient05926/study1_negative/image2.png>
Package pdftex.def Info: ./images/XR_ELBOW/Negative/patient05926/study1_negativ
e/image2.png used on input line 760.
(pdftex.def)             Requested size: 256.95937pt x 226.84694pt.

Overfull \hbox (81.19267pt too wide) in paragraph at lines 757--761
 [][][] 
 []

[45 <./images/XR_ELBOW/Negative/patient05926/study1_negative/image1.png (PNG co
py)> <./images/XR_ELBOW/Negative/patient05926/study1_negative/image2.png (PNG c
opy)>]
<./images/XR_FINGER/Positive/patient00234/study1_positive/image1.png, id=212, 1
27.47626pt x 513.92pt>
File: ./images/XR_FINGER/Positive/patient00234/study1_positive/image1.png Graph
ic file (type png)

<use ./images/XR_FINGER/Positive/patient00234/study1_positive/image1.png>
Package pdftex.def Info: ./images/XR_FINGER/Positive/patient00234/study1_positi
ve/image1.png used on input line 772.
(pdftex.def)             Requested size: 63.73796pt x 256.95937pt.

<./images/XR_FINGER/Positive/patient00234/study1_positive/image2.png, id=213, 1
60.6pt x 513.92pt>
File: ./images/XR_FINGER/Positive/patient00234/study1_positive/image2.png Graph
ic file (type png)

<use ./images/XR_FINGER/Positive/patient00234/study1_positive/image2.png>
Package pdftex.def Info: ./images/XR_FINGER/Positive/patient00234/study1_positi
ve/image2.png used on input line 775.
(pdftex.def)             Requested size: 80.29979pt x 256.95937pt.

<./images/XR_FINGER/Positive/patient00234/study1_positive/image3.png, id=214, 1
27.47626pt x 513.92pt>
File: ./images/XR_FINGER/Positive/patient00234/study1_positive/image3.png Graph
ic file (type png)

<use ./images/XR_FINGER/Positive/patient00234/study1_positive/image3.png>
Package pdftex.def Info: ./images/XR_FINGER/Positive/patient00234/study1_positi
ve/image3.png used on input line 778.
(pdftex.def)             Requested size: 63.73796pt x 256.95937pt.

[46 <./images/XR_FINGER/Positive/patient00234/study1_positive/image1.png (PNG c
opy)> <./images/XR_FINGER/Positive/patient00234/study1_positive/image2.png (PNG
 copy)> <./images/XR_FINGER/Positive/patient00234/study1_positive/image3.png (P
NG copy)>]
<./images/XR_HAND/Positive/patient09836/study1_positive/image1.png, id=218, 397
.485pt x 513.92pt>
File: ./images/XR_HAND/Positive/patient09836/study1_positive/image1.png Graphic
 file (type png)

<use ./images/XR_HAND/Positive/patient09836/study1_positive/image1.png>
Package pdftex.def Info: ./images/XR_HAND/Positive/patient09836/study1_positive
/image1.png used on input line 790.
(pdftex.def)             Requested size: 158.99118pt x 205.56435pt.

<./images/XR_HAND/Positive/patient09836/study1_positive/image2.png, id=219, 395
.4775pt x 513.92pt>
File: ./images/XR_HAND/Positive/patient09836/study1_positive/image2.png Graphic
 file (type png)

<use ./images/XR_HAND/Positive/patient09836/study1_positive/image2.png>
Package pdftex.def Info: ./images/XR_HAND/Positive/patient09836/study1_positive
/image2.png used on input line 793.
(pdftex.def)             Requested size: 158.18819pt x 205.56435pt.

<./images/XR_HAND/Positive/patient09836/study1_positive/image3.png, id=220, 396
.48125pt x 513.92pt>
File: ./images/XR_HAND/Positive/patient09836/study1_positive/image3.png Graphic
 file (type png)

<use ./images/XR_HAND/Positive/patient09836/study1_positive/image3.png>
Package pdftex.def Info: ./images/XR_HAND/Positive/patient09836/study1_positive
/image3.png used on input line 797.
(pdftex.def)             Requested size: 158.58968pt x 205.56435pt.

[47 <./images/XR_HAND/Positive/patient09836/study1_positive/image1.png (PNG cop
y)> <./images/XR_HAND/Positive/patient09836/study1_positive/image2.png (PNG cop
y)> <./images/XR_HAND/Positive/patient09836/study1_positive/image3.png (PNG cop
y)>]
<./images/XR_HUMERUS/Negative/patient11225/study1_negative/image1.png, id=225, 
421.575pt x 513.92pt>
File: ./images/XR_HUMERUS/Negative/patient11225/study1_negative/image1.png Grap
hic file (type png)

<use ./images/XR_HUMERUS/Negative/patient11225/study1_negative/image1.png>
Package pdftex.def Info: ./images/XR_HUMERUS/Negative/patient11225/study1_negat
ive/image1.png used on input line 809.
(pdftex.def)             Requested size: 210.78697pt x 256.95937pt.

<./images/XR_HUMERUS/Negative/patient11225/study1_negative/image2.png, id=226, 
421.575pt x 513.92pt>
File: ./images/XR_HUMERUS/Negative/patient11225/study1_negative/image2.png Grap
hic file (type png)

<use ./images/XR_HUMERUS/Negative/patient11225/study1_negative/image2.png>
Package pdftex.def Info: ./images/XR_HUMERUS/Negative/patient11225/study1_negat
ive/image2.png used on input line 812.
(pdftex.def)             Requested size: 210.78697pt x 256.95937pt.

Overfull \hbox (76.17392pt too wide) in paragraph at lines 809--813
 [][][] 
 []

[48 <./images/XR_HUMERUS/Negative/patient11225/study1_negative/image1.png (PNG 
copy)> <./images/XR_HUMERUS/Negative/patient11225/study1_negative/image2.png (P
NG copy)>]
<./images/XR_FOREARM/Positive/patient11417/study1_positive/image1.png, id=230, 
513.92pt x 202.7575pt>
File: ./images/XR_FOREARM/Positive/patient11417/study1_positive/image1.png Grap
hic file (type png)

<use ./images/XR_FOREARM/Positive/patient11417/study1_positive/image1.png>
Package pdftex.def Info: ./images/XR_FOREARM/Positive/patient11417/study1_posit
ive/image1.png used on input line 824.
(pdftex.def)             Requested size: 256.95937pt x 101.3785pt.

<./images/XR_FOREARM/Positive/patient11417/study1_positive/image2.png, id=231, 
513.92pt x 215.80624pt>
File: ./images/XR_FOREARM/Positive/patient11417/study1_positive/image2.png Grap
hic file (type png)

<use ./images/XR_FOREARM/Positive/patient11417/study1_positive/image2.png>
Package pdftex.def Info: ./images/XR_FOREARM/Positive/patient11417/study1_posit
ive/image2.png used on input line 828.
(pdftex.def)             Requested size: 256.95937pt x 107.90285pt.

<./images/XR_FOREARM/Positive/patient11417/study1_positive/image3.png, id=232, 
204.765pt x 513.92pt>
File: ./images/XR_FOREARM/Positive/patient11417/study1_positive/image3.png Grap
hic file (type png)

<use ./images/XR_FOREARM/Positive/patient11417/study1_positive/image3.png>
Package pdftex.def Info: ./images/XR_FOREARM/Positive/patient11417/study1_posit
ive/image3.png used on input line 832.
(pdftex.def)             Requested size: 81.90454pt x 205.56435pt.

<./images/XR_FOREARM/Positive/patient11417/study1_positive/image4.png, id=233, 
205.76875pt x 513.92pt>
File: ./images/XR_FOREARM/Positive/patient11417/study1_positive/image4.png Grap
hic file (type png)

<use ./images/XR_FOREARM/Positive/patient11417/study1_positive/image4.png>
Package pdftex.def Info: ./images/XR_FOREARM/Positive/patient11417/study1_posit
ive/image4.png used on input line 835.
(pdftex.def)             Requested size: 82.30603pt x 205.56435pt.

[49 <./images/XR_FOREARM/Positive/patient11417/study1_positive/image1.png (PNG 
copy)> <./images/XR_FOREARM/Positive/patient11417/study1_positive/image2.png (P
NG copy)> <./images/XR_FOREARM/Positive/patient11417/study1_positive/image3.png
 (PNG copy)> <./images/XR_FOREARM/Positive/patient11417/study1_positive/image4.
png (PNG copy)>]
<./images/XR_SHOULDER/Positive/patient00001/study1_positive/image1.png, id=237,
 381.425pt x 513.92pt>
File: ./images/XR_SHOULDER/Positive/patient00001/study1_positive/image1.png Gra
phic file (type png)

<use ./images/XR_SHOULDER/Positive/patient00001/study1_positive/image1.png>
Package pdftex.def Info: ./images/XR_SHOULDER/Positive/patient00001/study1_posi
tive/image1.png used on input line 847.
(pdftex.def)             Requested size: 190.71202pt x 256.95937pt.

<./images/XR_SHOULDER/Positive/patient00001/study1_positive/image2.png, id=238,
 304.13625pt x 513.92pt>
File: ./images/XR_SHOULDER/Positive/patient00001/study1_positive/image2.png Gra
phic file (type png)

<use ./images/XR_SHOULDER/Positive/patient00001/study1_positive/image2.png>
Package pdftex.def Info: ./images/XR_SHOULDER/Positive/patient00001/study1_posi
tive/image2.png used on input line 850.
(pdftex.def)             Requested size: 152.06775pt x 256.95937pt.

<./images/XR_SHOULDER/Positive/patient00001/study1_positive/image3.png, id=239,
 513.92pt x 411.5375pt>
File: ./images/XR_SHOULDER/Positive/patient00001/study1_positive/image3.png Gra
phic file (type png)

<use ./images/XR_SHOULDER/Positive/patient00001/study1_positive/image3.png>
Package pdftex.def Info: ./images/XR_SHOULDER/Positive/patient00001/study1_posi
tive/image3.png used on input line 854.
(pdftex.def)             Requested size: 256.95937pt x 205.76825pt.

[50 <./images/XR_SHOULDER/Positive/patient00001/study1_positive/image1.png (PNG
 copy)> <./images/XR_SHOULDER/Positive/patient00001/study1_positive/image2.png 
(PNG copy)> <./images/XR_SHOULDER/Positive/patient00001/study1_positive/image3.
png (PNG copy)>]
<./images/XR_WRIST/Positive/patient01521/study1_positive/image1.png, id=243, 33
8.26375pt x 513.92pt>
File: ./images/XR_WRIST/Positive/patient01521/study1_positive/image1.png Graphi
c file (type png)

<use ./images/XR_WRIST/Positive/patient01521/study1_positive/image1.png>
Package pdftex.def Info: ./images/XR_WRIST/Positive/patient01521/study1_positiv
e/image1.png used on input line 866.
(pdftex.def)             Requested size: 135.30309pt x 205.56435pt.

<./images/XR_WRIST/Positive/patient01521/study1_positive/image2.png, id=244, 51
3.92pt x 420.57124pt>
File: ./images/XR_WRIST/Positive/patient01521/study1_positive/image2.png Graphi
c file (type png)

<use ./images/XR_WRIST/Positive/patient01521/study1_positive/image2.png>
Package pdftex.def Info: ./images/XR_WRIST/Positive/patient01521/study1_positiv
e/image2.png used on input line 869.
(pdftex.def)             Requested size: 205.56435pt x 168.22551pt.

<./images/XR_WRIST/Positive/patient01521/study1_positive/image3.png, id=245, 33
6.25626pt x 513.92pt>
File: ./images/XR_WRIST/Positive/patient01521/study1_positive/image3.png Graphi
c file (type png)

<use ./images/XR_WRIST/Positive/patient01521/study1_positive/image3.png>
Package pdftex.def Info: ./images/XR_WRIST/Positive/patient01521/study1_positiv
e/image3.png used on input line 873.
(pdftex.def)             Requested size: 134.5001pt x 205.56435pt.

<./images/XR_WRIST/Positive/patient01521/study1_positive/image4.png, id=246, 33
7.26pt x 513.92pt>
File: ./images/XR_WRIST/Positive/patient01521/study1_positive/image4.png Graphi
c file (type png)

<use ./images/XR_WRIST/Positive/patient01521/study1_positive/image4.png>
Package pdftex.def Info: ./images/XR_WRIST/Positive/patient01521/study1_positiv
e/image4.png used on input line 876.
(pdftex.def)             Requested size: 134.9016pt x 205.56435pt.

[51 <./images/XR_WRIST/Positive/patient01521/study1_positive/image1.png (PNG co
py)> <./images/XR_WRIST/Positive/patient01521/study1_positive/image2.png (PNG c
opy)> <./images/XR_WRIST/Positive/patient01521/study1_positive/image3.png (PNG 
copy)> <./images/XR_WRIST/Positive/patient01521/study1_positive/image4.png (PNG
 copy)>]
<./images/MURA-Breakdowns/StudiesByPart.PNG, id=250, 298.11375pt x 160.34906pt>
File: ./images/MURA-Breakdowns/StudiesByPart.PNG Graphic file (type png)
<use ./images/MURA-Breakdowns/StudiesByPart.PNG>
Package pdftex.def Info: ./images/MURA-Breakdowns/StudiesByPart.PNG used on inp
ut line 892.
(pdftex.def)             Requested size: 208.67819pt x 112.24356pt.

<./images/MURA-Breakdowns/StudiesByPart_Percentages.PNG, id=251, 253.69781pt x 
160.34906pt>
File: ./images/MURA-Breakdowns/StudiesByPart_Percentages.PNG Graphic file (type
 png)
 <use ./images/MURA-Breakdowns/StudiesByPart_Percentages.PNG>
Package pdftex.def Info: ./images/MURA-Breakdowns/StudiesByPart_Percentages.PNG
 used on input line 896.
(pdftex.def)             Requested size: 177.58725pt x 112.24356pt.

Overfull \hbox (40.86542pt too wide) in paragraph at lines 892--897
 [][][] 
 []


<./images/MURA-Breakdowns/ImagesByPart.PNG, id=252, 297.36093pt x 159.59625pt>
File: ./images/MURA-Breakdowns/ImagesByPart.PNG Graphic file (type png)

<use ./images/MURA-Breakdowns/ImagesByPart.PNG>
Package pdftex.def Info: ./images/MURA-Breakdowns/ImagesByPart.PNG used on inpu
t line 908.
(pdftex.def)             Requested size: 208.15123pt x 111.7166pt.

<./images/MURA-Breakdowns/ImagesByPart_Percentages.PNG, id=253, 252.945pt x 160
.34906pt>
File: ./images/MURA-Breakdowns/ImagesByPart_Percentages.PNG Graphic file (type 
png)
 <use ./images/MURA-Breakdowns/ImagesByPart_Percentages.PNG>
Package pdftex.def Info: ./images/MURA-Breakdowns/ImagesByPart_Percentages.PNG 
used on input line 912.
(pdftex.def)             Requested size: 177.06029pt x 112.24356pt.

<./images/MURA-Breakdowns/ImagesPerStudy.PNG, id=254, 304.88907pt x 160.34906pt
>
File: ./images/MURA-Breakdowns/ImagesPerStudy.PNG Graphic file (type png)
 <use ./images/MURA-Breakdowns/ImagesPerStudy.PNG>
Package pdftex.def Info: ./images/MURA-Breakdowns/ImagesPerStudy.PNG used on in
put line 917.
(pdftex.def)             Requested size: 213.42088pt x 112.24356pt.

Overfull \hbox (39.8115pt too wide) in paragraph at lines 908--918
 [][][]  
 []

[52 <./images/MURA-Breakdowns/StudiesByPart.PNG> <./images/MURA-Breakdowns/Stud
iesByPart_Percentages.PNG>]
<./images/MURA-Breakdowns/PatientsByNumberOfSites.PNG, id=260, 322.95656pt x 11
8.94438pt>
File: ./images/MURA-Breakdowns/PatientsByNumberOfSites.PNG Graphic file (type p
ng)
 <use ./images/MURA-Breakdowns/PatientsByNumberOfSites.PNG>
Package pdftex.def Info: ./images/MURA-Breakdowns/PatientsByNumberOfSites.PNG u
sed on input line 931.
(pdftex.def)             Requested size: 226.06804pt x 83.26048pt.
 [53 <./images/MURA-Breakdowns/ImagesByPart.PNG> <./images/MURA-Breakdowns/Imag
esByPart_Percentages.PNG> <./images/MURA-Breakdowns/ImagesPerStudy.PNG>]
<./images/MURA-Breakdowns/PartCoOccurence.PNG, id=268, 460.72125pt x 146.04562p
t>
File: ./images/MURA-Breakdowns/PartCoOccurence.PNG Graphic file (type png)
 <use ./images/MURA-Breakdowns/PartCoOccurence.PNG>
Package pdftex.def Info: ./images/MURA-Breakdowns/PartCoOccurence.PNG used on i
nput line 941.
(pdftex.def)             Requested size: 322.50267pt x 102.23122pt.

<./images/MURA-Breakdowns/PartCoOccurence_Percentages.PNG, id=269, 456.95718pt 
x 131.74219pt>
File: ./images/MURA-Breakdowns/PartCoOccurence_Percentages.PNG Graphic file (ty
pe png)
 <use ./images/MURA-Breakdowns/PartCoOccurence_Percentages.PNG>
Package pdftex.def Info: ./images/MURA-Breakdowns/PartCoOccurence_Percentages.P
NG used on input line 946.
(pdftex.def)             Requested size: 319.86784pt x 92.21889pt.

[54 <./images/MURA-Breakdowns/PatientsByNumberOfSites.PNG> <./images/MURA-Break
downs/PartCoOccurence.PNG> <./images/MURA-Breakdowns/PartCoOccurence_Percentage
s.PNG>]
<./images/MURA-Breakdowns/NumbersOfStudiesBySite.PNG, id=276, 179.16937pt x 82.
05656pt>
File: ./images/MURA-Breakdowns/NumbersOfStudiesBySite.PNG Graphic file (type pn
g)
 <use ./images/MURA-Breakdowns/NumbersOfStudiesBySite.PNG>
Package pdftex.def Info: ./images/MURA-Breakdowns/NumbersOfStudiesBySite.PNG us
ed on input line 960.
(pdftex.def)             Requested size: 125.4177pt x 57.4392pt.

<./images/MURA-Breakdowns/ConsecutiveStudyResults.PNG, id=277, 318.43968pt x 24
8.42813pt>
File: ./images/MURA-Breakdowns/ConsecutiveStudyResults.PNG Graphic file (type p
ng)
 <use ./images/MURA-Breakdowns/ConsecutiveStudyResults.PNG>
Package pdftex.def Info: ./images/MURA-Breakdowns/ConsecutiveStudyResults.PNG u
sed on input line 969.
(pdftex.def)             Requested size: 222.90625pt x 173.8985pt.
 [55 <./images/MURA-Breakdowns/NumbersOfStudiesBySite.PNG>]
<./images/MURA-Breakdowns/StudyOutcomesByRole.PNG, id=282, 264.99pt x 145.29282
pt>
File: ./images/MURA-Breakdowns/StudyOutcomesByRole.PNG Graphic file (type png)
 <use ./images/MURA-Breakdowns/StudyOutcomesByRole.PNG>
Package pdftex.def Info: ./images/MURA-Breakdowns/StudyOutcomesByRole.PNG used 
on input line 979.
(pdftex.def)             Requested size: 185.49173pt x 101.70427pt.

Underfull \hbox (badness 10000) in paragraph at lines 985--991

 []

[56 <./images/MURA-Breakdowns/ConsecutiveStudyResults.PNG> <./images/MURA-Break
downs/StudyOutcomesByRole.PNG>] [57]
Underfull \hbox (badness 10000) in paragraph at lines 998--1003

 []


Underfull \hbox (badness 10000) in paragraph at lines 1005--1014

 []


Underfull \hbox (badness 10000) in paragraph at lines 1005--1014

 []

[58] <./images/SimpleBaselineModel.PNG, id=294, 201.00093pt x 206.27063pt>
File: ./images/SimpleBaselineModel.PNG Graphic file (type png)

<use ./images/SimpleBaselineModel.PNG>
Package pdftex.def Info: ./images/SimpleBaselineModel.PNG used on input line 10
21.
(pdftex.def)             Requested size: 140.69968pt x 144.38844pt.

Underfull \hbox (badness 10000) in paragraph at lines 1026--1032

 []

[59 <./images/SimpleBaselineModel.PNG>]
<./images/SimpleBaselineModel_Shallower.PNG, id=300, 197.23688pt x 165.61874pt>
File: ./images/SimpleBaselineModel_Shallower.PNG Graphic file (type png)
<use ./images/SimpleBaselineModel_Shallower.PNG>
Package pdftex.def Info: ./images/SimpleBaselineModel_Shallower.PNG used on inp
ut line 1043.
(pdftex.def)             Requested size: 138.06485pt x 115.93231pt.

<./images/SimpleBaselineModel_Deeper.PNG, id=301, 233.37187pt x 239.39438pt>
File: ./images/SimpleBaselineModel_Deeper.PNG Graphic file (type png)

<use ./images/SimpleBaselineModel_Deeper.PNG>
Package pdftex.def Info: ./images/SimpleBaselineModel_Deeper.PNG used on input 
line 1046.
(pdftex.def)             Requested size: 163.35919pt x 167.5749pt.

Underfull \hbox (badness 10000) in paragraph at lines 1051--1057

 []


Underfull \hbox (badness 10000) in paragraph at lines 1058--1067

 []


Underfull \hbox (badness 10000) in paragraph at lines 1058--1067

 []

[60 <./images/SimpleBaselineModel_Shallower.PNG> <./images/SimpleBaselineModel_
Deeper.PNG>]
Underfull \hbox (badness 10000) in paragraph at lines 1074--1079

 []

[61] [62]
<./images/mura-authors-results.PNG, id=313, 402.75468pt x 115.93312pt>
File: ./images/mura-authors-results.PNG Graphic file (type png)

<use ./images/mura-authors-results.PNG>
Package pdftex.def Info: ./images/mura-authors-results.PNG used on input line 1
098.
(pdftex.def)             Requested size: 322.20418pt x 92.74661pt.

Underfull \hbox (badness 10000) in paragraph at lines 1087--1102

 []


Underfull \hbox (badness 10000) in paragraph at lines 1087--1102

 []

[63 <./images/mura-authors-results.PNG>]
<mura-leaderboard-2018-8-30.PNG, id=318, 429.10312pt x 359.09157pt>
File: mura-leaderboard-2018-8-30.PNG Graphic file (type png)

<use mura-leaderboard-2018-8-30.PNG>
Package pdftex.def Info: mura-leaderboard-2018-8-30.PNG used on input line 1108
.
(pdftex.def)             Requested size: 214.55103pt x 179.54533pt.
 [64 <./mura-leaderboard-2018-8-30.PNG>]
<./images/Results/SimpleBaseline-Small-is-48-48/acc_vanilla.PNG, id=323, 517.93
5pt x 163.3603pt>
File: ./images/Results/SimpleBaseline-Small-is-48-48/acc_vanilla.PNG Graphic fi
le (type png)

<use ./images/Results/SimpleBaseline-Small-is-48-48/acc_vanilla.PNG>
Package pdftex.def Info: ./images/Results/SimpleBaseline-Small-is-48-48/acc_van
illa.PNG used on input line 1122.
(pdftex.def)             Requested size: 310.76338pt x 98.01692pt.

<./images/Results/SimpleBaseline-Small-is-48-48/loss_vanilla.PNG, id=324, 521.6
9907pt x 164.86594pt>
File: ./images/Results/SimpleBaseline-Small-is-48-48/loss_vanilla.PNG Graphic f
ile (type png)

<use ./images/Results/SimpleBaseline-Small-is-48-48/loss_vanilla.PNG>
Package pdftex.def Info: ./images/Results/SimpleBaseline-Small-is-48-48/loss_va
nilla.PNG used on input line 1126.
(pdftex.def)             Requested size: 313.02185pt x 98.9203pt.

<./images/Results/SimpleBaseline-Small-is-48-48/roc_curve_vanilla.PNG, id=325, 
313.9228pt x 215.30438pt>
File: ./images/Results/SimpleBaseline-Small-is-48-48/roc_curve_vanilla.PNG Grap
hic file (type png)

<use ./images/Results/SimpleBaseline-Small-is-48-48/roc_curve_vanilla.PNG>
Package pdftex.def Info: ./images/Results/SimpleBaseline-Small-is-48-48/roc_cur
ve_vanilla.PNG used on input line 1141.
(pdftex.def)             Requested size: 188.35512pt x 129.18361pt.

<./images/Results/SimpleBaseline-Small-is-48-48/kappa_by_site_vanilla.PNG, id=3
26, 188.20313pt x 176.15813pt>
File: ./images/Results/SimpleBaseline-Small-is-48-48/kappa_by_site_vanilla.PNG 
Graphic file (type png)

<use ./images/Results/SimpleBaseline-Small-is-48-48/kappa_by_site_vanilla.PNG>
Package pdftex.def Info: ./images/Results/SimpleBaseline-Small-is-48-48/kappa_b
y_site_vanilla.PNG used on input line 1144.
(pdftex.def)             Requested size: 112.92273pt x 105.69568pt.

Underfull \hbox (badness 10000) in paragraph at lines 1131--1148

 []

[65 <./images/Results/SimpleBaseline-Small-is-48-48/acc_vanilla.PNG> <./images/
Results/SimpleBaseline-Small-is-48-48/loss_vanilla.PNG>] [66 <./images/Results/
SimpleBaseline-Small-is-48-48/roc_curve_vanilla.PNG> <./images/Results/SimpleBa
seline-Small-is-48-48/kappa_by_site_vanilla.PNG>] [67]
Underfull \hbox (badness 10000) in paragraph at lines 1177--1191

 []


Underfull \hbox (badness 10000) in paragraph at lines 1177--1191

 []


Underfull \hbox (badness 10000) in paragraph at lines 1177--1191

 []

[68] [69] [70] (./dissertation.bbl
Underfull \hbox (badness 10000) in paragraph at lines 11--14
[]\OT1/cmr/m/n/10.95 ``Artificial neu-ral net-work.'' $\OT1/cmtt/m/n/10.95 http
s : / / en . wikipedia . org / wiki /
 []


Underfull \hbox (badness 1231) in paragraph at lines 21--25
[]\OT1/cmr/m/n/10.95 ``Tensorflow.'' $\OT1/cmtt/m/n/10.95 https : / / github . 
com / tensorflow / tensorflow / blob /
 []


Underfull \hbox (badness 5331) in paragraph at lines 21--25
\OT1/cmtt/m/n/10.95 master / tensorflow / python / ops / init _ ops . py$\OT1/c
mr/m/n/10.95 , 2018.  Com-mit:
 []


Underfull \hbox (badness 10000) in paragraph at lines 37--39
[]\OT1/cmr/m/n/10.95 ``Keras doc-u-men-ta-tion.'' $\OT1/cmtt/m/n/10.95 https : 
/ / keras . io / layers /
 []


Underfull \hbox (badness 4479) in paragraph at lines 45--48
[]\OT1/cmr/m/n/10.95 ``Receiver op-er-at-ing char-ac-ter-is-tic.'' $\OT1/cmtt/m
/n/10.95 https : / / en . wikipedia . org /
 []

[71

]
Underfull \hbox (badness 10000) in paragraph at lines 60--64
\OT1/cmtt/m/n/10.95 videantis . com / deep-[]learning-[]in-[]five-[]and-[]a-[]h
alf-[]minutes .
 []


Underfull \hbox (badness 2744) in paragraph at lines 98--102
[]\OT1/cmr/m/n/10.95 L. Oakden-Rayner, ``Ex-plor-ing the chestxray14 dataset: p
rob-
 []


Underfull \hbox (badness 10000) in paragraph at lines 98--102
\OT1/cmr/m/n/10.95 lems.'' $\OT1/cmtt/m/n/10.95 https : / / lukeoakdenrayner . 
wordpress . com / 2017 / 12 / 18 /
 []


Underfull \hbox (badness 2080) in paragraph at lines 98--102
\OT1/cmtt/m/n/10.95 the-[]chestxray14-[]dataset-[]problems/$\OT1/cmr/m/n/10.95 
, 2017.  [On-line; ac-cessed
 []


Underfull \hbox (badness 10000) in paragraph at lines 104--107
[]\OT1/cmr/m/n/10.95 ``Bilinear in-ter-po-la-tion.'' $\OT1/cmtt/m/n/10.95 https
 : / / en . wikipedia . org / wiki /
 []

) [72] [73

]
Underfull \hbox (badness 10000) in paragraph at lines 1218--1227

 []


Underfull \hbox (badness 10000) in paragraph at lines 1218--1227

 []

[74]
Overfull \hbox (70.68227pt too wide) in paragraph at lines 1240--1241
[]\OT1/cmr/m/n/10.95 results - con-tains the im-ages[]summary.csv pro-duced by 
00[]create[]images[]summary.py.
 []


Overfull \hbox (5.3776pt too wide) in paragraph at lines 1246--1247
\OT1/cmr/m/n/10.95 im-ages[]summary.csv, which is cre-ated by 00[]create[]image
s[]summary.py.
 []


Underfull \hbox (badness 1668) in paragraph at lines 1247--1248
\OT1/cmr/m/n/10.95 v1.1 with re-sized ver-sions of the raw im-age files (cre-at
ed by
 []


Overfull \hbox (27.86365pt too wide) in paragraph at lines 1247--1248
\OT1/cmr/m/n/10.95 cate the di-men-sions of the new re-sized im-ages, e.g. ./da
ta/processed/resized-
 []


Overfull \hbox (103.12473pt too wide) in paragraph at lines 1251--1262
\OT1/cmr/m/n/10.95 found on the teach-ing server (teach-ing.cs.rhul.ac.uk) here
: /rmt/nas/home/pgt/meac055/MURA/ 
 []


Underfull \hbox (badness 10000) in paragraph at lines 1251--1262

 []

[75] [76] (./dissertation.aux)

LaTeX Warning: There were multiply-defined labels.

 ) 
Here is how much of TeX's memory you used:
 4389 strings out of 494953
 74325 string characters out of 6180977
 128118 words of memory out of 5000000
 7519 multiletter control sequences out of 15000+600000
 16237 words of font info for 65 fonts, out of 8000000 for 9000
 14 hyphenation exceptions out of 8191
 44i,11n,49p,1615b,391s stack positions out of 5000i,500n,10000p,200000b,80000s
</usr/share/texlive/texmf-dist/fonts/type1/public/amsfonts/cm/cmbx10.pfb></us
r/share/texlive/texmf-dist/fonts/type1/public/amsfonts/cm/cmbx12.pfb></usr/shar
e/texlive/texmf-dist/fonts/type1/public/amsfonts/cm/cmbx8.pfb></usr/share/texli
ve/texmf-dist/fonts/type1/public/amsfonts/cm/cmex10.pfb></usr/share/texlive/tex
mf-dist/fonts/type1/public/amsfonts/cmextra/cmex9.pfb></usr/share/texlive/texmf
-dist/fonts/type1/public/amsfonts/cm/cmmi10.pfb></usr/share/texlive/texmf-dist/
fonts/type1/public/amsfonts/cm/cmmi6.pfb></usr/share/texlive/texmf-dist/fonts/t
ype1/public/amsfonts/cm/cmmi8.pfb></usr/share/texlive/texmf-dist/fonts/type1/pu
blic/amsfonts/cm/cmmi9.pfb></usr/share/texlive/texmf-dist/fonts/type1/public/am
sfonts/cm/cmr10.pfb></usr/share/texlive/texmf-dist/fonts/type1/public/amsfonts/
cm/cmr12.pfb></usr/share/texlive/texmf-dist/fonts/type1/public/amsfonts/cm/cmr6
.pfb></usr/share/texlive/texmf-dist/fonts/type1/public/amsfonts/cm/cmr8.pfb></u
sr/share/texlive/texmf-dist/fonts/type1/public/amsfonts/cm/cmr9.pfb></usr/share
/texlive/texmf-dist/fonts/type1/public/amsfonts/cm/cmsy10.pfb></usr/share/texli
ve/texmf-dist/fonts/type1/public/amsfonts/cm/cmsy6.pfb></usr/share/texlive/texm
f-dist/fonts/type1/public/amsfonts/cm/cmsy8.pfb></usr/share/texlive/texmf-dist/
fonts/type1/public/amsfonts/cm/cmsy9.pfb></usr/share/texlive/texmf-dist/fonts/t
ype1/public/amsfonts/cm/cmti10.pfb></usr/share/texlive/texmf-dist/fonts/type1/p
ublic/amsfonts/cm/cmtt10.pfb></usr/share/texlive/texmf-dist/fonts/type1/public/
amsfonts/symbols/msbm10.pfb>
Output written on dissertation.pdf (84 pages, 2240854 bytes).
PDF statistics:
 440 PDF objects out of 1000 (max. 8388607)
 251 compressed objects within 3 object streams
 0 named destinations out of 1000 (max. 500000)
 256 words of extra memory for PDF output out of 10000 (max. 10000000)

